<?xml version="1.0" encoding="UTF-8"?>
<coverage generated="1316121334">
  <project timestamp="1316121334">
    <file name="/var/www/pimDi/pimDI/DI/ReflectionAnnotation.php">
      <class name="ReflectionAnnotation" namespace="global">
        <metrics methods="4" coveredmethods="4" conditionals="0" coveredconditionals="0" statements="30" coveredstatements="30" elements="34" coveredelements="34"/>
      </class>
      <line num="9" type="method" name="parseMethodAnnotations" crap="2" count="18"/>
      <line num="10" type="stmt" count="18"/>
      <line num="11" type="stmt" count="15"/>
      <line num="12" type="stmt" count="15"/>
      <line num="14" type="stmt" count="18"/>
      <line num="17" type="method" name="parsePropertyAnnotations" crap="2" count="20"/>
      <line num="18" type="stmt" count="20"/>
      <line num="19" type="stmt" count="18"/>
      <line num="20" type="stmt" count="18"/>
      <line num="22" type="stmt" count="20"/>
      <line num="25" type="method" name="parseAnnotations" crap="3" count="21"/>
      <line num="26" type="stmt" count="21"/>
      <line num="28" type="stmt" count="21"/>
      <line num="29" type="stmt" count="16"/>
      <line num="31" type="stmt" count="16"/>
      <line num="32" type="stmt" count="16"/>
      <line num="33" type="stmt" count="16"/>
      <line num="34" type="stmt" count="16"/>
      <line num="36" type="stmt" count="21"/>
      <line num="39" type="method" name="parsePropertyVarAnnotation" crap="6" count="5"/>
      <line num="40" type="stmt" count="5"/>
      <line num="41" type="stmt" count="5"/>
      <line num="43" type="stmt" count="5"/>
      <line num="45" type="stmt" count="5"/>
      <line num="47" type="stmt" count="5"/>
      <line num="49" type="stmt" count="5"/>
      <line num="50" type="stmt" count="5"/>
      <line num="52" type="stmt" count="5"/>
      <line num="54" type="stmt" count="5"/>
      <line num="55" type="stmt" count="5"/>
      <line num="57" type="stmt" count="5"/>
      <line num="58" type="stmt" count="5"/>
      <line num="60" type="stmt" count="3"/>
      <line num="62" type="stmt" count="5"/>
      <metrics loc="65" ncloc="65" classes="1" methods="4" coveredmethods="4" conditionals="0" coveredconditionals="0" statements="30" coveredstatements="30" elements="34" coveredelements="34"/>
    </file>
    <file name="/var/www/pimDi/pimDI/DI/binder.php">
      <class name="binder" namespace="global">
        <metrics methods="23" coveredmethods="23" conditionals="0" coveredconditionals="0" statements="45" coveredstatements="45" elements="68" coveredelements="68"/>
      </class>
      <line num="18" type="method" name="__construct" crap="1" count="49"/>
      <line num="19" type="stmt" count="49"/>
      <line num="20" type="stmt" count="49"/>
      <line num="22" type="method" name="toObject" crap="1" count="6"/>
      <line num="23" type="stmt" count="6"/>
      <line num="24" type="stmt" count="6"/>
      <line num="25" type="stmt" count="6"/>
      <line num="26" type="stmt" count="6"/>
      <line num="29" type="method" name="to" crap="2" count="42"/>
      <line num="30" type="stmt" count="42"/>
      <line num="31" type="stmt" count="42"/>
      <line num="33" type="stmt" count="38"/>
      <line num="34" type="stmt" count="38"/>
      <line num="37" type="method" name="concern" crap="1" count="10"/>
      <line num="38" type="stmt" count="10"/>
      <line num="39" type="stmt" count="10"/>
      <line num="42" type="method" name="dropHashKey" crap="1" count="15"/>
      <line num="43" type="stmt" count="15"/>
      <line num="44" type="stmt" count="15"/>
      <line num="46" type="method" name="getHashKey" crap="2" count="37"/>
      <line num="47" type="stmt" count="37"/>
      <line num="48" type="stmt" count="37"/>
      <line num="50" type="stmt" count="37"/>
      <line num="53" type="method" name="setInterfaceImpl" crap="1" count="11"/>
      <line num="55" type="stmt" count="11"/>
      <line num="56" type="stmt" count="11"/>
      <line num="59" type="method" name="getInterfaceImpl" crap="1" count="36"/>
      <line num="60" type="stmt" count="36"/>
      <line num="63" type="method" name="setInterfaceName" crap="1" count="2"/>
      <line num="64" type="stmt" count="2"/>
      <line num="65" type="stmt" count="2"/>
      <line num="66" type="stmt" count="2"/>
      <line num="69" type="method" name="getInterfaceName" crap="1" count="41"/>
      <line num="70" type="stmt" count="41"/>
      <line num="73" type="method" name="setConcern" crap="1" count="14"/>
      <line num="74" type="stmt" count="14"/>
      <line num="75" type="stmt" count="14"/>
      <line num="76" type="stmt" count="14"/>
      <line num="79" type="method" name="getConcern" crap="1" count="40"/>
      <line num="80" type="stmt" count="40"/>
      <line num="83" type="method" name="setArguments" crap="1" count="2"/>
      <line num="85" type="stmt" count="2"/>
      <line num="86" type="stmt" count="2"/>
      <line num="89" type="method" name="getArguments" crap="1" count="1"/>
      <line num="90" type="stmt" count="1"/>
      <line num="93" type="method" name="setIsShared" crap="1" count="12"/>
      <line num="94" type="stmt" count="12"/>
      <line num="95" type="stmt" count="12"/>
      <line num="98" type="method" name="shared" crap="1" count="8"/>
      <line num="99" type="stmt" count="8"/>
      <line num="102" type="method" name="isShared" crap="1" count="36"/>
      <line num="103" type="stmt" count="36"/>
      <line num="106" type="method" name="decorated" crap="1" count="8"/>
      <line num="107" type="stmt" count="8"/>
      <line num="110" type="method" name="setIsDecorated" crap="1" count="15"/>
      <line num="111" type="stmt" count="15"/>
      <line num="112" type="stmt" count="15"/>
      <line num="115" type="method" name="isDecorated" crap="1" count="40"/>
      <line num="116" type="stmt" count="40"/>
      <line num="119" type="method" name="decoratedWith" crap="1" count="5"/>
      <line num="120" type="stmt" count="5"/>
      <line num="121" type="stmt" count="5"/>
      <line num="122" type="stmt" count="5"/>
      <line num="125" type="method" name="setInstance" crap="1" count="8"/>
      <line num="126" type="stmt" count="8"/>
      <line num="127" type="stmt" count="8"/>
      <line num="130" type="method" name="getInstance" crap="1" count="6"/>
      <line num="131" type="stmt" count="6"/>
      <metrics loc="134" ncloc="134" classes="1" methods="23" coveredmethods="23" conditionals="0" coveredconditionals="0" statements="45" coveredstatements="45" elements="68" coveredelements="68"/>
    </file>
    <file name="/var/www/pimDi/pimDI/DI/binder/parser/xml.php">
      <class name="xml" namespace="global">
        <metrics methods="2" coveredmethods="2" conditionals="0" coveredconditionals="0" statements="21" coveredstatements="21" elements="23" coveredelements="23"/>
      </class>
      <line num="17" type="method" name="__construct" crap="1" count="3"/>
      <line num="18" type="stmt" count="3"/>
      <line num="19" type="stmt" count="3"/>
      <line num="22" type="method" name="getBindings" crap="8" count="3"/>
      <line num="23" type="stmt" count="3"/>
      <line num="25" type="stmt" count="3"/>
      <line num="26" type="stmt" count="3"/>
      <line num="28" type="stmt" count="3"/>
      <line num="29" type="stmt" count="3"/>
      <line num="30" type="stmt" count="3"/>
      <line num="32" type="stmt" count="3"/>
      <line num="33" type="stmt" count="3"/>
      <line num="34" type="stmt" count="3"/>
      <line num="36" type="stmt" count="3"/>
      <line num="38" type="stmt" count="3"/>
      <line num="39" type="stmt" count="3"/>
      <line num="40" type="stmt" count="3"/>
      <line num="42" type="stmt" count="3"/>
      <line num="44" type="stmt" count="3"/>
      <line num="45" type="stmt" count="3"/>
      <line num="47" type="stmt" count="3"/>
      <line num="48" type="stmt" count="3"/>
      <line num="50" type="stmt" count="3"/>
      <metrics loc="53" ncloc="50" classes="1" methods="2" coveredmethods="2" conditionals="0" coveredconditionals="0" statements="21" coveredstatements="21" elements="23" coveredelements="23"/>
    </file>
    <file name="/var/www/pimDi/pimDI/DI/binder/repository.php">
      <class name="repository" namespace="global">
        <metrics methods="5" coveredmethods="5" conditionals="0" coveredconditionals="0" statements="27" coveredstatements="27" elements="32" coveredelements="32"/>
      </class>
      <line num="12" type="method" name="addBinding" crap="1" count="35"/>
      <line num="13" type="stmt" count="35"/>
      <line num="14" type="stmt" count="35"/>
      <line num="15" type="stmt" count="35"/>
      <line num="17" type="method" name="addBindings" crap="2" count="2"/>
      <line num="18" type="stmt" count="2"/>
      <line num="19" type="stmt" count="2"/>
      <line num="20" type="stmt" count="2"/>
      <line num="22" type="method" name="knowBindings" crap="5" count="36"/>
      <line num="23" type="stmt" count="36"/>
      <line num="24" type="stmt" count="36"/>
      <line num="26" type="stmt" count="35"/>
      <line num="27" type="stmt" count="35"/>
      <line num="29" type="stmt" count="35"/>
      <line num="30" type="stmt" count="35"/>
      <line num="32" type="stmt" count="35"/>
      <line num="33" type="stmt" count="35"/>
      <line num="35" type="stmt" count="8"/>
      <line num="36" type="stmt" count="35"/>
      <line num="38" type="stmt" count="35"/>
      <line num="39" type="stmt" count="35"/>
      <line num="40" type="stmt" count="35"/>
      <line num="48" type="method" name="getBinding" crap="2" count="35"/>
      <line num="49" type="stmt" count="35"/>
      <line num="51" type="stmt" count="35"/>
      <line num="52" type="stmt" count="35"/>
      <line num="54" type="stmt" count="35"/>
      <line num="63" type="method" name="getBindingDecorators" crap="2" count="28"/>
      <line num="64" type="stmt" count="28"/>
      <line num="66" type="stmt" count="28"/>
      <line num="67" type="stmt" count="28"/>
      <line num="69" type="stmt" count="28"/>
      <metrics loc="71" ncloc="59" classes="1" methods="5" coveredmethods="5" conditionals="0" coveredconditionals="0" statements="27" coveredstatements="27" elements="32" coveredelements="32"/>
    </file>
    <file name="/var/www/pimDi/pimDI/DI/cache/apc.php">
      <class name="apc" namespace="global">
        <metrics methods="2" coveredmethods="0" conditionals="0" coveredconditionals="0" statements="3" coveredstatements="0" elements="5" coveredelements="0"/>
      </class>
      <line num="6" type="method" name="fetch" crap="2" count="0"/>
      <line num="7" type="stmt" count="0"/>
      <line num="10" type="method" name="store" crap="2" count="0"/>
      <line num="11" type="stmt" count="0"/>
      <line num="12" type="stmt" count="0"/>
      <metrics loc="14" ncloc="14" classes="1" methods="2" coveredmethods="0" conditionals="0" coveredconditionals="0" statements="3" coveredstatements="0" elements="5" coveredelements="0"/>
    </file>
    <file name="/var/www/pimDi/pimDI/DI/cache/file.php">
      <class name="file" namespace="global">
        <metrics methods="2" coveredmethods="0" conditionals="0" coveredconditionals="0" statements="8" coveredstatements="0" elements="10" coveredelements="0"/>
      </class>
      <line num="6" type="method" name="fetch" crap="12" count="0"/>
      <line num="7" type="stmt" count="0"/>
      <line num="9" type="stmt" count="0"/>
      <line num="10" type="stmt" count="0"/>
      <line num="12" type="stmt" count="0"/>
      <line num="13" type="stmt" count="0"/>
      <line num="15" type="stmt" count="0"/>
      <line num="18" type="method" name="store" crap="2" count="0"/>
      <line num="19" type="stmt" count="0"/>
      <line num="21" type="stmt" count="0"/>
      <metrics loc="24" ncloc="24" classes="1" methods="2" coveredmethods="0" conditionals="0" coveredconditionals="0" statements="8" coveredstatements="0" elements="10" coveredelements="0"/>
    </file>
    <file name="/var/www/pimDi/pimDI/DI/cache/mem_apc.php">
      <class name="memApc" namespace="global">
        <metrics methods="2" coveredmethods="0" conditionals="0" coveredconditionals="0" statements="6" coveredstatements="0" elements="8" coveredelements="0"/>
      </class>
      <line num="8" type="method" name="fetch" crap="6" count="0"/>
      <line num="9" type="stmt" count="0"/>
      <line num="10" type="stmt" count="0"/>
      <line num="12" type="stmt" count="0"/>
      <line num="15" type="method" name="store" crap="2" count="0"/>
      <line num="16" type="stmt" count="0"/>
      <line num="17" type="stmt" count="0"/>
      <line num="18" type="stmt" count="0"/>
      <metrics loc="20" ncloc="20" classes="1" methods="2" coveredmethods="0" conditionals="0" coveredconditionals="0" statements="6" coveredstatements="0" elements="8" coveredelements="0"/>
    </file>
    <file name="/var/www/pimDi/pimDI/DI/cache/memory.php">
      <class name="memory" namespace="global">
        <metrics methods="2" coveredmethods="0" conditionals="0" coveredconditionals="0" statements="5" coveredstatements="0" elements="7" coveredelements="0"/>
      </class>
      <line num="8" type="method" name="fetch" crap="6" count="0"/>
      <line num="9" type="stmt" count="0"/>
      <line num="10" type="stmt" count="0"/>
      <line num="12" type="stmt" count="0"/>
      <line num="15" type="method" name="store" crap="2" count="0"/>
      <line num="16" type="stmt" count="0"/>
      <line num="17" type="stmt" count="0"/>
      <metrics loc="19" ncloc="19" classes="1" methods="2" coveredmethods="0" conditionals="0" coveredconditionals="0" statements="5" coveredstatements="0" elements="7" coveredelements="0"/>
    </file>
    <file name="/var/www/pimDi/pimDI/DI/cache/void.php">
      <class name="void" namespace="global">
        <metrics methods="2" coveredmethods="2" conditionals="0" coveredconditionals="0" statements="2" coveredstatements="2" elements="4" coveredelements="4"/>
      </class>
      <line num="6" type="method" name="fetch" crap="1" count="30"/>
      <line num="7" type="stmt" count="30"/>
      <line num="10" type="method" name="store" crap="1" count="30"/>
      <line num="12" type="stmt" count="30"/>
      <metrics loc="14" ncloc="14" classes="1" methods="2" coveredmethods="2" conditionals="0" coveredconditionals="0" statements="2" coveredstatements="2" elements="4" coveredelements="4"/>
    </file>
    <file name="/var/www/pimDi/pimDI/DI/exception/circular.php">
      <class name="circular" namespace="global">
        <metrics methods="1" coveredmethods="1" conditionals="0" coveredconditionals="0" statements="2" coveredstatements="2" elements="3" coveredelements="3"/>
      </class>
      <line num="8" type="method" name="__construct" crap="1" count="2"/>
      <line num="9" type="stmt" count="2"/>
      <line num="10" type="stmt" count="2"/>
      <metrics loc="14" ncloc="14" classes="1" methods="1" coveredmethods="1" conditionals="0" coveredconditionals="0" statements="2" coveredstatements="2" elements="3" coveredelements="3"/>
    </file>
    <file name="/var/www/pimDi/pimDI/DI/reflection/klass/standard.php">
      <class name="standard" namespace="global">
        <metrics methods="15" coveredmethods="15" conditionals="0" coveredconditionals="0" statements="98" coveredstatements="97" elements="113" coveredelements="112"/>
      </class>
      <line num="14" type="method" name="__construct" crap="1" count="41"/>
      <line num="15" type="stmt" count="41"/>
      <line num="16" type="stmt" count="41"/>
      <line num="18" type="method" name="newInstance" crap="1" count="30"/>
      <line num="19" type="stmt" count="30"/>
      <line num="20" type="stmt" count="30"/>
      <line num="23" type="method" name="newInstanceArgs" crap="8" count="16"/>
      <line num="25" type="stmt" count="16"/>
      <line num="27" type="stmt" count="16"/>
      <line num="30" type="stmt" count="16"/>
      <line num="31" type="stmt" count="1"/>
      <line num="33" type="stmt" count="15"/>
      <line num="34" type="stmt" count="9"/>
      <line num="36" type="stmt" count="6"/>
      <line num="37" type="stmt" count="1"/>
      <line num="39" type="stmt" count="5"/>
      <line num="40" type="stmt" count="1"/>
      <line num="42" type="stmt" count="4"/>
      <line num="43" type="stmt" count="1"/>
      <line num="45" type="stmt" count="3"/>
      <line num="46" type="stmt" count="1"/>
      <line num="48" type="stmt" count="2"/>
      <line num="49" type="stmt" count="1"/>
      <line num="53" type="stmt" count="1"/>
      <line num="56" type="method" name="setClassname" crap="1" count="41"/>
      <line num="57" type="stmt" count="41"/>
      <line num="58" type="stmt" count="41"/>
      <line num="60" type="method" name="hasMethod" crap="1" count="29"/>
      <line num="61" type="stmt" count="29"/>
      <line num="63" type="stmt" count="29"/>
      <line num="66" type="method" name="getMethods" crap="4" count="29"/>
      <line num="67" type="stmt" count="29"/>
      <line num="68" type="stmt" count="29"/>
      <line num="70" type="stmt" count="29"/>
      <line num="71" type="stmt" count="29"/>
      <line num="73" type="stmt" count="29"/>
      <line num="75" type="stmt" count="29"/>
      <line num="77" type="stmt" count="16"/>
      <line num="78" type="stmt" count="16"/>
      <line num="80" type="stmt" count="16"/>
      <line num="81" type="stmt" count="16"/>
      <line num="83" type="stmt" count="16"/>
      <line num="84" type="stmt" count="29"/>
      <line num="86" type="stmt" count="29"/>
      <line num="87" type="stmt" count="29"/>
      <line num="88" type="stmt" count="29"/>
      <line num="90" type="stmt" count="29"/>
      <line num="93" type="method" name="getSetterMethodsAnnotatedWith" crap="9" count="30"/>
      <line num="95" type="stmt" count="30"/>
      <line num="97" type="stmt" count="30"/>
      <line num="99" type="stmt" count="30"/>
      <line num="101" type="stmt" count="30"/>
      <line num="102" type="stmt" count="17"/>
      <line num="103" type="stmt" count="17"/>
      <line num="105" type="stmt" count="17"/>
      <line num="107" type="stmt" count="17"/>
      <line num="108" type="stmt" count="17"/>
      <line num="110" type="stmt" count="8"/>
      <line num="111" type="stmt" count="8"/>
      <line num="113" type="stmt" count="8"/>
      <line num="114" type="stmt" count="8"/>
      <line num="116" type="stmt" count="8"/>
      <line num="117" type="stmt" count="30"/>
      <line num="119" type="stmt" count="30"/>
      <line num="120" type="stmt" count="30"/>
      <line num="121" type="stmt" count="30"/>
      <line num="123" type="stmt" count="30"/>
      <line num="126" type="method" name="getInjectProperties" crap="7" count="30"/>
      <line num="127" type="stmt" count="30"/>
      <line num="128" type="stmt" count="30"/>
      <line num="130" type="stmt" count="30"/>
      <line num="131" type="stmt" count="30"/>
      <line num="133" type="stmt" count="20"/>
      <line num="135" type="stmt" count="20"/>
      <line num="136" type="stmt" count="20"/>
      <line num="138" type="stmt" count="7"/>
      <line num="139" type="stmt" count="1"/>
      <line num="142" type="stmt" count="6"/>
      <line num="143" type="stmt" count="6"/>
      <line num="145" type="stmt" count="5"/>
      <line num="147" type="stmt" count="5"/>
      <line num="148" type="stmt" count="5"/>
      <line num="150" type="stmt" count="5"/>
      <line num="151" type="stmt" count="29"/>
      <line num="154" type="stmt" count="29"/>
      <line num="155" type="stmt" count="29"/>
      <line num="156" type="stmt" count="29"/>
      <line num="158" type="stmt" count="29"/>
      <line num="161" type="method" name="getClassname" crap="1" count="39"/>
      <line num="162" type="stmt" count="39"/>
      <line num="165" type="method" name="setReflectionClass" crap="1" count="1"/>
      <line num="166" type="stmt" count="1"/>
      <line num="167" type="stmt" count="1"/>
      <line num="169" type="method" name="getConstructor" crap="1" count="8"/>
      <line num="170" type="stmt" count="8"/>
      <line num="172" type="stmt" count="8"/>
      <line num="178" type="method" name="getReflectionClass" crap="2" count="33"/>
      <line num="179" type="stmt" count="33"/>
      <line num="180" type="stmt" count="33"/>
      <line num="182" type="stmt" count="33"/>
      <line num="185" type="method" name="implementsInterface" crap="1" count="30"/>
      <line num="186" type="stmt" count="30"/>
      <line num="189" type="method" name="setCache" crap="1" count="1"/>
      <line num="190" type="stmt" count="1"/>
      <line num="191" type="stmt" count="1"/>
      <line num="196" type="method" name="getCache" crap="3.03" count="31"/>
      <line num="197" type="stmt" count="31"/>
      <line num="199" type="stmt" count="1"/>
      <line num="200" type="stmt" count="1"/>
      <line num="202" type="stmt" count="0"/>
      <line num="204" type="stmt" count="1"/>
      <line num="205" type="stmt" count="1"/>
      <line num="207" type="stmt" count="31"/>
      <metrics loc="209" ncloc="203" classes="1" methods="15" coveredmethods="15" conditionals="0" coveredconditionals="0" statements="98" coveredstatements="97" elements="113" coveredelements="112"/>
    </file>
    <file name="/var/www/pimDi/pimDI/DI/reflection/method/standard.php">
      <class name="standard" namespace="global">
        <metrics methods="9" coveredmethods="9" conditionals="0" coveredconditionals="0" statements="58" coveredstatements="58" elements="67" coveredelements="67"/>
      </class>
      <line num="0" type="stmt" count="1"/>
      <line num="10" type="method" name="__construct" crap="1" count="25"/>
      <line num="11" type="stmt" count="25"/>
      <line num="12" type="stmt" count="25"/>
      <line num="14" type="method" name="getParameters" crap="1" count="10"/>
      <line num="15" type="stmt" count="10"/>
      <line num="18" type="method" name="setParameters" crap="1" count="17"/>
      <line num="19" type="stmt" count="17"/>
      <line num="20" type="stmt" count="17"/>
      <line num="23" type="method" name="invokeArgs" crap="8" count="16"/>
      <line num="24" type="stmt" count="16"/>
      <line num="26" type="stmt" count="16"/>
      <line num="29" type="stmt" count="16"/>
      <line num="30" type="stmt" count="1"/>
      <line num="31" type="stmt" count="1"/>
      <line num="32" type="stmt" count="15"/>
      <line num="33" type="stmt" count="6"/>
      <line num="34" type="stmt" count="6"/>
      <line num="35" type="stmt" count="9"/>
      <line num="36" type="stmt" count="3"/>
      <line num="37" type="stmt" count="3"/>
      <line num="38" type="stmt" count="6"/>
      <line num="39" type="stmt" count="2"/>
      <line num="40" type="stmt" count="2"/>
      <line num="41" type="stmt" count="4"/>
      <line num="42" type="stmt" count="1"/>
      <line num="43" type="stmt" count="1"/>
      <line num="44" type="stmt" count="3"/>
      <line num="45" type="stmt" count="1"/>
      <line num="46" type="stmt" count="1"/>
      <line num="47" type="stmt" count="2"/>
      <line num="48" type="stmt" count="1"/>
      <line num="49" type="stmt" count="1"/>
      <line num="50" type="stmt" count="1"/>
      <line num="51" type="stmt" count="1"/>
      <line num="52" type="stmt" count="1"/>
      <line num="53" type="stmt" count="1"/>
      <line num="55" type="stmt" count="16"/>
      <line num="57" type="method" name="setMethodName" crap="1" count="25"/>
      <line num="58" type="stmt" count="25"/>
      <line num="59" type="stmt" count="25"/>
      <line num="61" type="method" name="getMethodName" crap="1" count="16"/>
      <line num="62" type="stmt" count="16"/>
      <line num="66" type="method" name="setParamsByReflectionMethod" crap="5" count="17"/>
      <line num="67" type="stmt" count="17"/>
      <line num="69" type="stmt" count="17"/>
      <line num="71" type="stmt" count="17"/>
      <line num="73" type="stmt" count="17"/>
      <line num="75" type="stmt" count="16"/>
      <line num="76" type="stmt" count="4"/>
      <line num="77" type="stmt" count="4"/>
      <line num="80" type="stmt" count="14"/>
      <line num="81" type="stmt" count="14"/>
      <line num="83" type="stmt" count="14"/>
      <line num="84" type="stmt" count="10"/>
      <line num="85" type="stmt" count="10"/>
      <line num="86" type="stmt" count="10"/>
      <line num="87" type="stmt" count="6"/>
      <line num="90" type="stmt" count="14"/>
      <line num="92" type="stmt" count="14"/>
      <line num="93" type="stmt" count="17"/>
      <line num="95" type="stmt" count="17"/>
      <line num="96" type="stmt" count="17"/>
      <line num="98" type="method" name="setInject" crap="1" count="17"/>
      <line num="99" type="stmt" count="17"/>
      <line num="100" type="stmt" count="17"/>
      <line num="102" type="method" name="getInject" crap="1" count="8"/>
      <line num="103" type="stmt" count="8"/>
      <metrics loc="105" ncloc="105" classes="1" methods="9" coveredmethods="9" conditionals="0" coveredconditionals="0" statements="59" coveredstatements="59" elements="68" coveredelements="68"/>
    </file>
    <file name="/var/www/pimDi/pimDI/DI/reflection/param/standard.php">
      <class name="standard" namespace="global">
        <metrics methods="6" coveredmethods="6" conditionals="0" coveredconditionals="0" statements="9" coveredstatements="9" elements="15" coveredelements="15"/>
      </class>
      <line num="10" type="method" name="setConcern" crap="1" count="10"/>
      <line num="11" type="stmt" count="10"/>
      <line num="12" type="stmt" count="10"/>
      <line num="14" type="method" name="getConcern" crap="1" count="10"/>
      <line num="15" type="stmt" count="10"/>
      <line num="18" type="method" name="setInterface" crap="1" count="14"/>
      <line num="19" type="stmt" count="14"/>
      <line num="20" type="stmt" count="14"/>
      <line num="22" type="method" name="getInterface" crap="1" count="10"/>
      <line num="23" type="stmt" count="10"/>
      <line num="26" type="method" name="setInject" crap="1" count="14"/>
      <line num="27" type="stmt" count="14"/>
      <line num="28" type="stmt" count="14"/>
      <line num="31" type="method" name="getInject" crap="1" count="10"/>
      <line num="32" type="stmt" count="10"/>
      <metrics loc="33" ncloc="33" classes="1" methods="6" coveredmethods="6" conditionals="0" coveredconditionals="0" statements="9" coveredstatements="9" elements="15" coveredelements="15"/>
    </file>
    <file name="/var/www/pimDi/pimDI/di.php">
      <class name="di" namespace="global">
        <metrics methods="11" coveredmethods="11" conditionals="0" coveredconditionals="0" statements="74" coveredstatements="74" elements="85" coveredelements="85"/>
      </class>
      <line num="27" type="method" name="createInstanceFromClassname" crap="2" count="1"/>
      <line num="28" type="stmt" count="1"/>
      <line num="29" type="stmt" count="1"/>
      <line num="31" type="stmt" count="1"/>
      <line num="32" type="stmt" count="1"/>
      <line num="35" type="method" name="createInstance" crap="3" count="29"/>
      <line num="36" type="stmt" count="29"/>
      <line num="37" type="stmt" count="29"/>
      <line num="39" type="stmt" count="8"/>
      <line num="41" type="stmt" count="8"/>
      <line num="42" type="stmt" count="8"/>
      <line num="44" type="stmt" count="8"/>
      <line num="47" type="method" name="getByBinding" crap="9" count="32"/>
      <line num="49" type="stmt" count="32"/>
      <line num="50" type="stmt" count="32"/>
      <line num="52" type="stmt" count="30"/>
      <line num="54" type="stmt" count="30"/>
      <line num="55" type="stmt" count="29"/>
      <line num="57" type="stmt" count="29"/>
      <line num="59" type="stmt" count="29"/>
      <line num="60" type="stmt" count="29"/>
      <line num="62" type="stmt" count="29"/>
      <line num="64" type="stmt" count="29"/>
      <line num="66" type="stmt" count="29"/>
      <line num="67" type="stmt" count="29"/>
      <line num="69" type="stmt" count="29"/>
      <line num="70" type="stmt" count="29"/>
      <line num="72" type="stmt" count="26"/>
      <line num="74" type="stmt" count="26"/>
      <line num="75" type="stmt" count="26"/>
      <line num="76" type="stmt" count="26"/>
      <line num="77" type="stmt" count="6"/>
      <line num="78" type="stmt" count="6"/>
      <line num="79" type="stmt" count="6"/>
      <line num="80" type="stmt" count="6"/>
      <line num="81" type="stmt" count="26"/>
      <line num="83" type="stmt" count="26"/>
      <line num="86" type="method" name="get" crap="1" count="32"/>
      <line num="87" type="stmt" count="32"/>
      <line num="89" type="stmt" count="32"/>
      <line num="92" type="method" name="getInjectedMethodArgs" crap="4" count="10"/>
      <line num="94" type="stmt" count="10"/>
      <line num="96" type="stmt" count="10"/>
      <line num="97" type="stmt" count="10"/>
      <line num="99" type="stmt" count="10"/>
      <line num="101" type="stmt" count="10"/>
      <line num="102" type="stmt" count="1"/>
      <line num="103" type="stmt" count="1"/>
      <line num="106" type="stmt" count="10"/>
      <line num="107" type="stmt" count="10"/>
      <line num="109" type="stmt" count="10"/>
      <line num="112" type="method" name="injectSetters" crap="3" count="30"/>
      <line num="113" type="stmt" count="30"/>
      <line num="115" type="stmt" count="30"/>
      <line num="116" type="stmt" count="30"/>
      <line num="118" type="stmt" count="8"/>
      <line num="119" type="stmt" count="8"/>
      <line num="120" type="stmt" count="8"/>
      <line num="121" type="stmt" count="8"/>
      <line num="122" type="stmt" count="8"/>
      <line num="124" type="method" name="injectProperties" crap="3" count="30"/>
      <line num="125" type="stmt" count="30"/>
      <line num="127" type="stmt" count="29"/>
      <line num="128" type="stmt" count="29"/>
      <line num="130" type="stmt" count="5"/>
      <line num="131" type="stmt" count="5"/>
      <line num="132" type="stmt" count="3"/>
      <line num="133" type="stmt" count="3"/>
      <line num="135" type="method" name="bind" crap="1" count="31"/>
      <line num="136" type="stmt" count="31"/>
      <line num="137" type="stmt" count="31"/>
      <line num="138" type="stmt" count="31"/>
      <line num="141" type="method" name="setBinderRepository" crap="1" count="1"/>
      <line num="142" type="stmt" count="1"/>
      <line num="143" type="stmt" count="1"/>
      <line num="148" type="method" name="getBinderRepository" crap="2" count="34"/>
      <line num="149" type="stmt" count="34"/>
      <line num="150" type="stmt" count="34"/>
      <line num="152" type="stmt" count="34"/>
      <line num="155" type="method" name="run" crap="1" count="2"/>
      <line num="156" type="stmt" count="2"/>
      <line num="158" type="stmt" count="2"/>
      <line num="159" type="stmt" count="2"/>
      <line num="161" type="stmt" count="2"/>
      <line num="163" type="stmt" count="2"/>
      <metrics loc="165" ncloc="162" classes="1" methods="11" coveredmethods="11" conditionals="0" coveredconditionals="0" statements="74" coveredstatements="74" elements="85" coveredelements="85"/>
    </file>
    <file name="/var/www/pimDi/pimDI/test/DI/reflection/klass/standard/params.php">
      <class name="params" namespace="global">
        <metrics methods="1" coveredmethods="1" conditionals="0" coveredconditionals="0" statements="8" coveredstatements="8" elements="9" coveredelements="9"/>
      </class>
      <line num="0" type="stmt" count="1"/>
      <line num="14" type="method" name="__construct" crap="1" count="8"/>
      <line num="15" type="stmt" count="8"/>
      <line num="16" type="stmt" count="8"/>
      <line num="17" type="stmt" count="8"/>
      <line num="18" type="stmt" count="8"/>
      <line num="19" type="stmt" count="8"/>
      <line num="20" type="stmt" count="8"/>
      <line num="21" type="stmt" count="8"/>
      <line num="22" type="stmt" count="8"/>
      <metrics loc="22" ncloc="22" classes="1" methods="1" coveredmethods="1" conditionals="0" coveredconditionals="0" statements="9" coveredstatements="9" elements="10" coveredelements="10"/>
    </file>
    <file name="/var/www/pimDi/pimDI/test/diConstructor/std1.php">
      <class name="constructor_std1" namespace="global" fullPackage="constructor">
        <metrics methods="2" coveredmethods="2" conditionals="0" coveredconditionals="0" statements="3" coveredstatements="3" elements="5" coveredelements="5"/>
      </class>
      <line num="8" type="method" name="__construct" crap="1" count="2"/>
      <line num="9" type="stmt" count="2"/>
      <line num="10" type="stmt" count="2"/>
      <line num="12" type="method" name="getService" crap="1" count="2"/>
      <line num="13" type="stmt" count="2"/>
      <metrics loc="15" ncloc="12" classes="1" methods="2" coveredmethods="2" conditionals="0" coveredconditionals="0" statements="3" coveredstatements="3" elements="5" coveredelements="5"/>
    </file>
    <file name="/var/www/pimDi/pimDI/test/diDecorateTest/decorator1.php">
      <class name="diDecorateDecorator1" namespace="global">
        <metrics methods="2" coveredmethods="2" conditionals="0" coveredconditionals="0" statements="3" coveredstatements="3" elements="5" coveredelements="5"/>
      </class>
      <line num="6" type="method" name="__construct" crap="1" count="3"/>
      <line num="7" type="stmt" count="3"/>
      <line num="8" type="stmt" count="3"/>
      <line num="10" type="method" name="foo" crap="1" count="2"/>
      <line num="11" type="stmt" count="2"/>
      <metrics loc="13" ncloc="13" classes="1" methods="2" coveredmethods="2" conditionals="0" coveredconditionals="0" statements="3" coveredstatements="3" elements="5" coveredelements="5"/>
    </file>
    <file name="/var/www/pimDi/pimDI/test/diDecorateTest/decorator2.php">
      <class name="diDecorateDecorator2" namespace="global">
        <metrics methods="2" coveredmethods="2" conditionals="0" coveredconditionals="0" statements="3" coveredstatements="3" elements="5" coveredelements="5"/>
      </class>
      <line num="6" type="method" name="__construct" crap="1" count="1"/>
      <line num="7" type="stmt" count="1"/>
      <line num="8" type="stmt" count="1"/>
      <line num="10" type="method" name="foo" crap="1" count="1"/>
      <line num="11" type="stmt" count="1"/>
      <metrics loc="13" ncloc="13" classes="1" methods="2" coveredmethods="2" conditionals="0" coveredconditionals="0" statements="3" coveredstatements="3" elements="5" coveredelements="5"/>
    </file>
    <file name="/var/www/pimDi/pimDI/test/diDecorateTest/decoratorNested1.php">
      <class name="diDecorateDecoratorNested1" namespace="global">
        <metrics methods="3" coveredmethods="3" conditionals="0" coveredconditionals="0" statements="5" coveredstatements="5" elements="8" coveredelements="8"/>
      </class>
      <line num="6" type="method" name="__construct" crap="1" count="1"/>
      <line num="7" type="stmt" count="1"/>
      <line num="8" type="stmt" count="1"/>
      <line num="13" type="method" name="setService" crap="1" count="1"/>
      <line num="14" type="stmt" count="1"/>
      <line num="15" type="stmt" count="1"/>
      <line num="17" type="method" name="getService" crap="1" count="1"/>
      <line num="18" type="stmt" count="1"/>
      <metrics loc="20" ncloc="17" classes="1" methods="3" coveredmethods="3" conditionals="0" coveredconditionals="0" statements="5" coveredstatements="5" elements="8" coveredelements="8"/>
    </file>
    <file name="/var/www/pimDi/pimDI/test/diDecorateTest/std1.php">
      <class name="diDecorateStd1" namespace="global">
        <metrics methods="1" coveredmethods="1" conditionals="0" coveredconditionals="0" statements="1" coveredstatements="1" elements="2" coveredelements="2"/>
      </class>
      <line num="4" type="method" name="foo" crap="1" count="2"/>
      <line num="5" type="stmt" count="2"/>
      <metrics loc="7" ncloc="7" classes="1" methods="1" coveredmethods="1" conditionals="0" coveredconditionals="0" statements="1" coveredstatements="1" elements="2" coveredelements="2"/>
    </file>
    <file name="/var/www/pimDi/pimDI/test/diDecoratorNeedDecorated/decoratorDecorated_base1.php">
      <class name="decoratorDecorated_base1" namespace="global" fullPackage="decoratorDecorated">
        <metrics methods="1" coveredmethods="1" conditionals="0" coveredconditionals="0" statements="1" coveredstatements="1" elements="2" coveredelements="2"/>
      </class>
      <line num="5" type="method" name="getClassname" crap="1" count="1"/>
      <line num="6" type="stmt" count="1"/>
      <metrics loc="8" ncloc="8" classes="1" methods="1" coveredmethods="1" conditionals="0" coveredconditionals="0" statements="1" coveredstatements="1" elements="2" coveredelements="2"/>
    </file>
    <file name="/var/www/pimDi/pimDI/test/diDecoratorNeedDecorated/decoratorDecorated_base1_decorator.php">
      <class name="decoratorDecorated_base1_decorator" namespace="global" fullPackage="decoratorDecorated.base1">
        <metrics methods="3" coveredmethods="3" conditionals="0" coveredconditionals="0" statements="5" coveredstatements="5" elements="8" coveredelements="8"/>
      </class>
      <line num="5" type="method" name="__construct" crap="1" count="1"/>
      <line num="6" type="stmt" count="1"/>
      <line num="7" type="stmt" count="1"/>
      <line num="12" type="method" name="setDecoratorDecorated_iBase2" crap="1" count="1"/>
      <line num="13" type="stmt" count="1"/>
      <line num="14" type="stmt" count="1"/>
      <line num="16" type="method" name="getClassname" crap="1" count="1"/>
      <line num="17" type="stmt" count="1"/>
      <metrics loc="19" ncloc="16" classes="1" methods="3" coveredmethods="3" conditionals="0" coveredconditionals="0" statements="5" coveredstatements="5" elements="8" coveredelements="8"/>
    </file>
    <file name="/var/www/pimDi/pimDI/test/diDecoratorNeedDecorated/decoratorDecorated_base2.php">
      <class name="decoratorDecorated_base2" namespace="global" fullPackage="decoratorDecorated">
        <metrics methods="1" coveredmethods="1" conditionals="0" coveredconditionals="0" statements="1" coveredstatements="1" elements="2" coveredelements="2"/>
      </class>
      <line num="4" type="method" name="getClassname" crap="1" count="1"/>
      <line num="5" type="stmt" count="1"/>
      <metrics loc="7" ncloc="7" classes="1" methods="1" coveredmethods="1" conditionals="0" coveredconditionals="0" statements="1" coveredstatements="1" elements="2" coveredelements="2"/>
    </file>
    <file name="/var/www/pimDi/pimDI/test/diDecoratorNeedDecorated/decoratorDecorated_base2_decorator.php">
      <class name="decoratorDecorated_base2_decorator" namespace="global" fullPackage="decoratorDecorated.base2">
        <metrics methods="2" coveredmethods="2" conditionals="0" coveredconditionals="0" statements="3" coveredstatements="3" elements="5" coveredelements="5"/>
      </class>
      <line num="5" type="method" name="__construct" crap="1" count="1"/>
      <line num="6" type="stmt" count="1"/>
      <line num="7" type="stmt" count="1"/>
      <line num="9" type="method" name="getClassname" crap="1" count="1"/>
      <line num="10" type="stmt" count="1"/>
      <metrics loc="12" ncloc="12" classes="1" methods="2" coveredmethods="2" conditionals="0" coveredconditionals="0" statements="3" coveredstatements="3" elements="5" coveredelements="5"/>
    </file>
    <file name="/var/www/pimDi/pimDI/test/diExampels/basics/logger.php">
      <class name="logger" namespace="global">
        <metrics methods="2" coveredmethods="2" conditionals="0" coveredconditionals="0" statements="3" coveredstatements="3" elements="5" coveredelements="5"/>
      </class>
      <line num="8" type="method" name="log" crap="1" count="1"/>
      <line num="9" type="stmt" count="1"/>
      <line num="10" type="stmt" count="1"/>
      <line num="12" type="method" name="getLog" crap="1" count="1"/>
      <line num="13" type="stmt" count="1"/>
      <metrics loc="14" ncloc="14" classes="1" methods="2" coveredmethods="2" conditionals="0" coveredconditionals="0" statements="3" coveredstatements="3" elements="5" coveredelements="5"/>
    </file>
    <file name="/var/www/pimDi/pimDI/test/diExampels/getterInjection/diC/Mailer.php">
      <class name="MailService" namespace="global">
        <metrics methods="1" coveredmethods="1" conditionals="0" coveredconditionals="0" statements="1" coveredstatements="1" elements="2" coveredelements="2"/>
      </class>
      <line num="6" type="method" name="sendTo" crap="1" count="1"/>
      <line num="7" type="stmt" count="1"/>
      <metrics loc="8" ncloc="8" classes="1" methods="1" coveredmethods="1" conditionals="0" coveredconditionals="0" statements="1" coveredstatements="1" elements="2" coveredelements="2"/>
    </file>
    <file name="/var/www/pimDi/pimDI/test/diExampels/getterInjection/diC/Registration.php">
      <class name="RegistrationService" namespace="global">
        <metrics methods="2" coveredmethods="2" conditionals="0" coveredconditionals="0" statements="4" coveredstatements="4" elements="6" coveredelements="6"/>
      </class>
      <line num="8" type="method" name="sendDOIMail" crap="1" count="1"/>
      <line num="9" type="stmt" count="1"/>
      <line num="10" type="stmt" count="1"/>
      <line num="15" type="method" name="setMailService" crap="1" count="1"/>
      <line num="16" type="stmt" count="1"/>
      <line num="17" type="stmt" count="1"/>
      <metrics loc="17" ncloc="14" classes="1" methods="2" coveredmethods="2" conditionals="0" coveredconditionals="0" statements="4" coveredstatements="4" elements="6" coveredelements="6"/>
    </file>
    <file name="/var/www/pimDi/pimDI/test/diExampels/getterInjection/withoutDiC/Mailer.php">
      <class name="MailService" namespace="global">
        <metrics methods="1" coveredmethods="1" conditionals="0" coveredconditionals="0" statements="1" coveredstatements="1" elements="2" coveredelements="2"/>
      </class>
      <line num="6" type="method" name="sendTo" crap="1" count="1"/>
      <line num="7" type="stmt" count="1"/>
      <metrics loc="8" ncloc="8" classes="1" methods="1" coveredmethods="1" conditionals="0" coveredconditionals="0" statements="1" coveredstatements="1" elements="2" coveredelements="2"/>
    </file>
    <file name="/var/www/pimDi/pimDI/test/diExampels/getterInjection/withoutDiC/Registration.php">
      <class name="RegistrationService" namespace="global">
        <metrics methods="3" coveredmethods="3" conditionals="0" coveredconditionals="0" statements="7" coveredstatements="7" elements="10" coveredelements="10"/>
      </class>
      <line num="8" type="method" name="sendDOIMail" crap="1" count="1"/>
      <line num="9" type="stmt" count="1"/>
      <line num="10" type="stmt" count="1"/>
      <line num="12" type="method" name="setMailService" crap="1" count="2"/>
      <line num="14" type="stmt" count="2"/>
      <line num="15" type="stmt" count="2"/>
      <line num="17" type="method" name="getMailService" crap="2" count="3"/>
      <line num="19" type="stmt" count="3"/>
      <line num="20" type="stmt" count="3"/>
      <line num="22" type="stmt" count="3"/>
      <metrics loc="23" ncloc="23" classes="1" methods="3" coveredmethods="3" conditionals="0" coveredconditionals="0" statements="7" coveredstatements="7" elements="10" coveredelements="10"/>
    </file>
    <file name="/var/www/pimDi/pimDI/test/diNestedTest/nestedservice1.php">
      <class name="nested_nestedservice1" namespace="global" fullPackage="nested">
        <metrics methods="1" coveredmethods="1" conditionals="0" coveredconditionals="0" statements="1" coveredstatements="1" elements="2" coveredelements="2"/>
      </class>
      <line num="4" type="method" name="identify" crap="1" count="1"/>
      <line num="5" type="stmt" count="1"/>
      <metrics loc="7" ncloc="7" classes="1" methods="1" coveredmethods="1" conditionals="0" coveredconditionals="0" statements="1" coveredstatements="1" elements="2" coveredelements="2"/>
    </file>
    <file name="/var/www/pimDi/pimDI/test/diNestedTest/object.php">
      <class name="nested_object" namespace="global" fullPackage="nested">
        <metrics methods="2" coveredmethods="2" conditionals="0" coveredconditionals="0" statements="3" coveredstatements="3" elements="5" coveredelements="5"/>
      </class>
      <line num="10" type="method" name="setNestedService1" crap="1" count="1"/>
      <line num="11" type="stmt" count="1"/>
      <line num="12" type="stmt" count="1"/>
      <line num="14" type="method" name="getNestedService1" crap="1" count="1"/>
      <line num="15" type="stmt" count="1"/>
      <metrics loc="18" ncloc="15" classes="1" methods="2" coveredmethods="2" conditionals="0" coveredconditionals="0" statements="3" coveredstatements="3" elements="5" coveredelements="5"/>
    </file>
    <file name="/var/www/pimDi/pimDI/test/diNestedTest/object_concern.php">
      <class name="nested_objectConcern" namespace="global" fullPackage="nested">
        <metrics methods="3" coveredmethods="3" conditionals="0" coveredconditionals="0" statements="5" coveredstatements="5" elements="8" coveredelements="8"/>
      </class>
      <line num="11" type="method" name="setNestedService1_double" crap="1" count="1"/>
      <line num="12" type="stmt" count="1"/>
      <line num="13" type="stmt" count="1"/>
      <line num="14" type="stmt" count="1"/>
      <line num="16" type="method" name="getNestedService1" crap="1" count="1"/>
      <line num="17" type="stmt" count="1"/>
      <line num="20" type="method" name="getNestedService1_2" crap="1" count="1"/>
      <line num="21" type="stmt" count="1"/>
      <metrics loc="23" ncloc="19" classes="1" methods="3" coveredmethods="3" conditionals="0" coveredconditionals="0" statements="5" coveredstatements="5" elements="8" coveredelements="8"/>
    </file>
    <file name="/var/www/pimDi/pimDI/test/diNestedTest/object_double.php">
      <class name="nested_objectDouble" namespace="global" fullPackage="nested">
        <metrics methods="3" coveredmethods="3" conditionals="0" coveredconditionals="0" statements="6" coveredstatements="6" elements="9" coveredelements="9"/>
      </class>
      <line num="12" type="method" name="setNestedService1_double" crap="1" count="1"/>
      <line num="13" type="stmt" count="1"/>
      <line num="14" type="stmt" count="1"/>
      <line num="15" type="stmt" count="1"/>
      <line num="16" type="stmt" count="1"/>
      <line num="18" type="method" name="getNestedService1" crap="1" count="1"/>
      <line num="19" type="stmt" count="1"/>
      <line num="22" type="method" name="getNestedService1_2" crap="1" count="1"/>
      <line num="23" type="stmt" count="1"/>
      <metrics loc="25" ncloc="21" classes="1" methods="3" coveredmethods="3" conditionals="0" coveredconditionals="0" statements="6" coveredstatements="6" elements="9" coveredelements="9"/>
    </file>
    <file name="/var/www/pimDi/pimDI/test/diNestedTest/object_double2.php">
      <class name="nested_objectDouble2" namespace="global" fullPackage="nested">
        <metrics methods="3" coveredmethods="3" conditionals="0" coveredconditionals="0" statements="5" coveredstatements="5" elements="8" coveredelements="8"/>
      </class>
      <line num="11" type="method" name="setNestedService1_double" crap="1" count="1"/>
      <line num="12" type="stmt" count="1"/>
      <line num="13" type="stmt" count="1"/>
      <line num="14" type="stmt" count="1"/>
      <line num="16" type="method" name="getNestedService1" crap="1" count="1"/>
      <line num="17" type="stmt" count="1"/>
      <line num="20" type="method" name="getNestedService1_2" crap="1" count="1"/>
      <line num="21" type="stmt" count="1"/>
      <metrics loc="23" ncloc="19" classes="1" methods="3" coveredmethods="3" conditionals="0" coveredconditionals="0" statements="5" coveredstatements="5" elements="8" coveredelements="8"/>
    </file>
    <file name="/var/www/pimDi/pimDI/test/diRunable/basic.php">
      <class name="diRunable_Basic" namespace="global" fullPackage="diRunable">
        <metrics methods="1" coveredmethods="1" conditionals="0" coveredconditionals="0" statements="2" coveredstatements="2" elements="3" coveredelements="3"/>
      </class>
      <line num="4" type="method" name="run" crap="1" count="1"/>
      <line num="5" type="stmt" count="1"/>
      <line num="6" type="stmt" count="1"/>
      <metrics loc="7" ncloc="7" classes="1" methods="1" coveredmethods="1" conditionals="0" coveredconditionals="0" statements="2" coveredstatements="2" elements="3" coveredelements="3"/>
    </file>
    <file name="/var/www/pimDi/pimDI/test/diRunable/inject.php">
      <class name="diRunable_Inject" namespace="global" fullPackage="diRunable">
        <metrics methods="5" coveredmethods="5" conditionals="0" coveredconditionals="0" statements="7" coveredstatements="7" elements="12" coveredelements="12"/>
      </class>
      <line num="16" type="method" name="injectIostd" crap="1" count="1"/>
      <line num="17" type="stmt" count="1"/>
      <line num="18" type="stmt" count="1"/>
      <line num="23" type="method" name="injectIostd2" crap="1" count="1"/>
      <line num="24" type="stmt" count="1"/>
      <line num="25" type="stmt" count="1"/>
      <line num="27" type="method" name="getIostd" crap="1" count="1"/>
      <line num="28" type="stmt" count="1"/>
      <line num="31" type="method" name="getIostd2" crap="1" count="1"/>
      <line num="32" type="stmt" count="1"/>
      <line num="35" type="method" name="run" crap="1" count="1"/>
      <line num="37" type="stmt" count="1"/>
      <metrics loc="38" ncloc="30" classes="1" methods="5" coveredmethods="5" conditionals="0" coveredconditionals="0" statements="7" coveredstatements="7" elements="12" coveredelements="12"/>
    </file>
    <file name="/var/www/pimDi/pimDI/test/diSharedDecorators/sharedDecorators_base1_decorator.php">
      <class name="sharedDecorators_base1_decorator" namespace="global" fullPackage="sharedDecorators.base1">
        <metrics methods="2" coveredmethods="2" conditionals="0" coveredconditionals="0" statements="3" coveredstatements="3" elements="5" coveredelements="5"/>
      </class>
      <line num="7" type="method" name="__construct" crap="1" count="2"/>
      <line num="8" type="stmt" count="2"/>
      <line num="9" type="stmt" count="2"/>
      <line num="11" type="method" name="getService" crap="1" count="2"/>
      <line num="12" type="stmt" count="2"/>
      <metrics loc="15" ncloc="15" classes="1" methods="2" coveredmethods="2" conditionals="0" coveredconditionals="0" statements="3" coveredstatements="3" elements="5" coveredelements="5"/>
    </file>
    <file name="/var/www/pimDi/pimDI/test/diTestIgnoreAnnotation/method.php">
      <class name="diTestIgnoreAnnotation_method" namespace="global" fullPackage="diTestIgnoreAnnotation">
        <metrics methods="3" coveredmethods="3" conditionals="0" coveredconditionals="0" statements="3" coveredstatements="3" elements="6" coveredelements="6"/>
      </class>
      <line num="4" type="method" name="basic" crap="1" count="1"/>
      <line num="5" type="stmt" count="1"/>
      <line num="9" type="method" name="author" crap="1" count="1"/>
      <line num="10" type="stmt" count="1"/>
      <line num="17" type="method" name="doctrine" crap="1" count="1"/>
      <line num="18" type="stmt" count="1"/>
      <metrics loc="19" ncloc="13" classes="1" methods="3" coveredmethods="3" conditionals="0" coveredconditionals="0" statements="3" coveredstatements="3" elements="6" coveredelements="6"/>
    </file>
    <metrics files="38" loc="1321" ncloc="1256" classes="38" methods="136" coveredmethods="128" conditionals="0" coveredconditionals="0" statements="474" coveredstatements="451" elements="610" coveredelements="579"/>
  </project>
</coverage>
